2023-10-25 19:36:46,178 - [INFO] = apscheduler.scheduler - (base.py).add_job(454) - Adding job tentatively -- it will be properly scheduled when the scheduler starts
2023-10-25 19:36:46,178 - [INFO] = apscheduler.scheduler - (base.py).add_job(454) - Adding job tentatively -- it will be properly scheduled when the scheduler starts
2023-10-25 19:36:46,179 - [INFO] = apscheduler.scheduler - (base.py)._real_add_job(895) - Added job "send_training_links" to job store "default"
2023-10-25 19:36:46,179 - [INFO] = apscheduler.scheduler - (base.py)._real_add_job(895) - Added job "manage_subscriptions" to job store "default"
2023-10-25 19:36:46,179 - [INFO] = apscheduler.scheduler - (base.py).start(181) - Scheduler started
2023-10-25 19:36:46,434 - [INFO] = aiogram.dispatcher - (dispatcher.py).start_polling(524) - Start polling
2023-10-25 19:36:46,478 - [INFO] = aiogram.dispatcher - (dispatcher.py)._polling(340) - Run polling for bot @ivanfitnesbot id=6487033991 - 'TestFitnesBot'
2023-10-25 19:36:56,173 - [INFO] = aiogram.event - (dispatcher.py).feed_update(171) - Update id=90532118 is handled. Duration 1252 ms by bot id=6487033991
2023-10-25 19:57:28,185 - [ERROR] = aiogram.dispatcher - (dispatcher.py)._listen_updates(218) - Failed to fetch updates - TelegramConflictError: Telegram server says - Conflict: terminated by other getUpdates request; make sure that only one bot instance is running
2023-10-25 19:57:28,185 - [WARNING] = aiogram.dispatcher - (dispatcher.py)._listen_updates(220) - Sleep for 1.000000 seconds and try again... (tryings = 0, bot id = 6487033991)
2023-10-25 19:57:31,774 - [WARNING] = aiogram.dispatcher - (dispatcher.py)._signal_stop_polling(452) - Received SIGINT signal
2023-10-25 19:57:31,775 - [INFO] = aiogram.dispatcher - (dispatcher.py)._polling(356) - Polling stopped for bot @ivanfitnesbot id=6487033991 - 'TestFitnesBot'
2023-10-25 19:57:31,775 - [INFO] = aiogram.dispatcher - (dispatcher.py).start_polling(551) - Polling stopped
2023-10-28 11:25:56,675 - [INFO] = apscheduler.scheduler - (base.py).add_job(454) - Adding job tentatively -- it will be properly scheduled when the scheduler starts
2023-10-28 11:25:56,676 - [INFO] = apscheduler.scheduler - (base.py)._real_add_job(895) - Added job "send_training_links" to job store "default"
2023-10-28 11:25:56,676 - [INFO] = apscheduler.scheduler - (base.py).start(181) - Scheduler started
2023-10-28 11:25:56,871 - [INFO] = aiogram.dispatcher - (dispatcher.py).start_polling(524) - Start polling
2023-10-28 11:25:56,914 - [INFO] = aiogram.dispatcher - (dispatcher.py)._polling(340) - Run polling for bot @ivanfitnesbot id=6487033991 - 'TestFitnesBot'
2023-10-28 11:26:00,002 - [INFO] = apscheduler.executors.default - (base_py3.py).run_coroutine_job(28) - Running job "send_training_links (trigger: cron[day_of_week='mon,wed,fri,sat', hour='11', minute='26'], next run at: 2023-10-30 11:26:00 CET)" (scheduled at 2023-10-28 11:26:00+02:00)
2023-10-28 11:26:00,011 - [INFO] = apscheduler.executors.default - (base_py3.py).run_coroutine_job(41) - Job "send_training_links (trigger: cron[day_of_week='mon,wed,fri,sat', hour='11', minute='26'], next run at: 2023-10-30 11:26:00 CET)" executed successfully
2023-10-28 11:26:19,625 - [WARNING] = aiogram.dispatcher - (dispatcher.py)._signal_stop_polling(452) - Received SIGINT signal
2023-10-28 11:26:19,625 - [INFO] = aiogram.dispatcher - (dispatcher.py)._polling(356) - Polling stopped for bot @ivanfitnesbot id=6487033991 - 'TestFitnesBot'
2023-10-28 11:26:19,625 - [INFO] = aiogram.dispatcher - (dispatcher.py).start_polling(551) - Polling stopped
2023-10-28 11:28:59,328 - [INFO] = apscheduler.scheduler - (base.py).add_job(454) - Adding job tentatively -- it will be properly scheduled when the scheduler starts
2023-10-28 11:28:59,328 - [INFO] = apscheduler.scheduler - (base.py)._real_add_job(895) - Added job "send_training_links" to job store "default"
2023-10-28 11:28:59,328 - [INFO] = apscheduler.scheduler - (base.py).start(181) - Scheduler started
2023-10-28 11:28:59,565 - [INFO] = aiogram.dispatcher - (dispatcher.py).start_polling(524) - Start polling
2023-10-28 11:28:59,609 - [INFO] = aiogram.dispatcher - (dispatcher.py)._polling(340) - Run polling for bot @ivanfitnesbot id=6487033991 - 'TestFitnesBot'
2023-10-28 11:29:00,002 - [INFO] = apscheduler.executors.default - (base_py3.py).run_coroutine_job(28) - Running job "send_training_links (trigger: cron[day_of_week='mon,wed,fri,sat', hour='11', minute='29'], next run at: 2023-10-30 11:29:00 CET)" (scheduled at 2023-10-28 11:29:00+02:00)
2023-10-28 11:29:00,213 - [ERROR] = root - (send_treining.py).send_training_links(65) - Error: Telegram server says - Bad Request: chat not found
2023-10-28 11:29:00,214 - [INFO] = apscheduler.executors.default - (base_py3.py).run_coroutine_job(41) - Job "send_training_links (trigger: cron[day_of_week='mon,wed,fri,sat', hour='11', minute='29'], next run at: 2023-10-30 11:29:00 CET)" executed successfully
2023-10-28 11:29:04,185 - [WARNING] = aiogram.dispatcher - (dispatcher.py)._signal_stop_polling(452) - Received SIGINT signal
2023-10-28 11:29:04,185 - [INFO] = aiogram.dispatcher - (dispatcher.py)._polling(356) - Polling stopped for bot @ivanfitnesbot id=6487033991 - 'TestFitnesBot'
2023-10-28 11:29:04,186 - [INFO] = aiogram.dispatcher - (dispatcher.py).start_polling(551) - Polling stopped
2023-10-28 11:29:13,145 - [INFO] = apscheduler.scheduler - (base.py).add_job(454) - Adding job tentatively -- it will be properly scheduled when the scheduler starts
2023-10-28 11:29:13,146 - [INFO] = apscheduler.scheduler - (base.py)._real_add_job(895) - Added job "send_training_links" to job store "default"
2023-10-28 11:29:13,146 - [INFO] = apscheduler.scheduler - (base.py).start(181) - Scheduler started
2023-10-28 11:29:13,411 - [INFO] = aiogram.dispatcher - (dispatcher.py).start_polling(524) - Start polling
2023-10-28 11:29:13,452 - [INFO] = aiogram.dispatcher - (dispatcher.py)._polling(340) - Run polling for bot @ivanfitnesbot id=6487033991 - 'TestFitnesBot'
2023-10-28 11:30:00,007 - [INFO] = apscheduler.executors.default - (base_py3.py).run_coroutine_job(28) - Running job "send_training_links (trigger: cron[day_of_week='mon,wed,fri,sat', hour='11', minute='30'], next run at: 2023-10-30 11:30:00 CET)" (scheduled at 2023-10-28 11:30:00+02:00)
2023-10-28 11:30:00,295 - [ERROR] = root - (send_treining.py).send_training_links(65) - Error: Telegram server says - Bad Request: chat not found
2023-10-28 11:30:00,295 - [INFO] = apscheduler.executors.default - (base_py3.py).run_coroutine_job(41) - Job "send_training_links (trigger: cron[day_of_week='mon,wed,fri,sat', hour='11', minute='30'], next run at: 2023-10-30 11:30:00 CET)" executed successfully
2023-10-28 11:30:29,302 - [WARNING] = aiogram.dispatcher - (dispatcher.py)._signal_stop_polling(452) - Received SIGINT signal
2023-10-28 11:30:29,302 - [INFO] = aiogram.dispatcher - (dispatcher.py)._polling(356) - Polling stopped for bot @ivanfitnesbot id=6487033991 - 'TestFitnesBot'
2023-10-28 11:30:29,302 - [INFO] = aiogram.dispatcher - (dispatcher.py).start_polling(551) - Polling stopped
2023-10-28 13:06:58,203 - [INFO] = apscheduler.scheduler - (base.py).add_job(454) - Adding job tentatively -- it will be properly scheduled when the scheduler starts
2023-10-28 13:06:58,204 - [INFO] = apscheduler.scheduler - (base.py)._real_add_job(895) - Added job "send_training_links" to job store "default"
2023-10-28 13:06:58,204 - [INFO] = apscheduler.scheduler - (base.py).start(181) - Scheduler started
2023-10-28 13:06:58,451 - [INFO] = aiogram.dispatcher - (dispatcher.py).start_polling(524) - Start polling
2023-10-28 13:06:58,497 - [INFO] = aiogram.dispatcher - (dispatcher.py)._polling(340) - Run polling for bot @ivanfitnesbot id=6487033991 - 'TestFitnesBot'
2023-10-28 13:10:00,003 - [INFO] = apscheduler.executors.default - (base_py3.py).run_coroutine_job(28) - Running job "send_training_links (trigger: cron[day_of_week='mon,wed,fri,sat', hour='13', minute='10'], next run at: 2023-10-30 13:10:00 CET)" (scheduled at 2023-10-28 13:10:00+02:00)
2023-10-28 13:10:00,427 - [ERROR] = root - (send_treining.py).send_training_links(69) - Error: Telegram server says - Bad Request: chat not found
2023-10-28 13:10:00,427 - [INFO] = apscheduler.executors.default - (base_py3.py).run_coroutine_job(41) - Job "send_training_links (trigger: cron[day_of_week='mon,wed,fri,sat', hour='13', minute='10'], next run at: 2023-10-30 13:10:00 CET)" executed successfully
2023-10-28 13:10:21,190 - [WARNING] = aiogram.dispatcher - (dispatcher.py)._signal_stop_polling(452) - Received SIGINT signal
2023-10-28 13:10:21,190 - [INFO] = aiogram.dispatcher - (dispatcher.py)._polling(356) - Polling stopped for bot @ivanfitnesbot id=6487033991 - 'TestFitnesBot'
2023-10-28 13:10:21,190 - [INFO] = aiogram.dispatcher - (dispatcher.py).start_polling(551) - Polling stopped
2023-10-28 13:13:06,123 - [INFO] = apscheduler.scheduler - (base.py).add_job(454) - Adding job tentatively -- it will be properly scheduled when the scheduler starts
2023-10-28 13:13:06,123 - [INFO] = apscheduler.scheduler - (base.py)._real_add_job(895) - Added job "send_training_links" to job store "default"
2023-10-28 13:13:06,123 - [INFO] = apscheduler.scheduler - (base.py).start(181) - Scheduler started
2023-10-28 13:13:06,681 - [INFO] = aiogram.dispatcher - (dispatcher.py).start_polling(524) - Start polling
2023-10-28 13:13:06,728 - [INFO] = aiogram.dispatcher - (dispatcher.py)._polling(340) - Run polling for bot @ivanfitnesbot id=6487033991 - 'TestFitnesBot'
2023-10-28 13:14:00,001 - [INFO] = apscheduler.executors.default - (base_py3.py).run_coroutine_job(28) - Running job "send_training_links (trigger: cron[day_of_week='mon,wed,fri,sat', hour='13', minute='14'], next run at: 2023-10-30 13:14:00 CET)" (scheduled at 2023-10-28 13:14:00+02:00)
2023-10-28 13:14:00,178 - [ERROR] = root - (send_treining.py).send_training_links(70) - Error: Telegram server says - Bad Request: chat not found
2023-10-28 13:14:00,178 - [INFO] = apscheduler.executors.default - (base_py3.py).run_coroutine_job(41) - Job "send_training_links (trigger: cron[day_of_week='mon,wed,fri,sat', hour='13', minute='14'], next run at: 2023-10-30 13:14:00 CET)" executed successfully
2023-10-28 13:14:11,419 - [WARNING] = aiogram.dispatcher - (dispatcher.py)._signal_stop_polling(452) - Received SIGINT signal
2023-10-28 13:14:11,419 - [INFO] = aiogram.dispatcher - (dispatcher.py)._polling(356) - Polling stopped for bot @ivanfitnesbot id=6487033991 - 'TestFitnesBot'
2023-10-28 13:14:11,419 - [INFO] = aiogram.dispatcher - (dispatcher.py).start_polling(551) - Polling stopped
2023-10-28 13:37:35,054 - [INFO] = apscheduler.scheduler - (base.py).add_job(454) - Adding job tentatively -- it will be properly scheduled when the scheduler starts
2023-10-28 13:37:35,055 - [INFO] = apscheduler.scheduler - (base.py)._real_add_job(895) - Added job "send_training_links" to job store "default"
2023-10-28 13:37:35,055 - [INFO] = apscheduler.scheduler - (base.py).start(181) - Scheduler started
2023-10-28 13:37:35,251 - [INFO] = aiogram.dispatcher - (dispatcher.py).start_polling(524) - Start polling
2023-10-28 13:37:35,291 - [INFO] = aiogram.dispatcher - (dispatcher.py)._polling(340) - Run polling for bot @ivanfitnesbot id=6487033991 - 'TestFitnesBot'
2023-10-28 13:39:00,006 - [INFO] = apscheduler.executors.default - (base_py3.py).run_coroutine_job(28) - Running job "send_training_links (trigger: cron[day_of_week='mon,wed,fri,sat', hour='13', minute='39'], next run at: 2023-10-30 13:39:00 CET)" (scheduled at 2023-10-28 13:39:00+02:00)
2023-10-28 13:39:00,237 - [INFO] = apscheduler.executors.default - (base_py3.py).run_coroutine_job(41) - Job "send_training_links (trigger: cron[day_of_week='mon,wed,fri,sat', hour='13', minute='39'], next run at: 2023-10-30 13:39:00 CET)" executed successfully
2023-10-28 16:35:58,486 - [WARNING] = aiogram.dispatcher - (dispatcher.py)._signal_stop_polling(452) - Received SIGINT signal
2023-10-28 16:35:58,487 - [INFO] = aiogram.dispatcher - (dispatcher.py)._polling(356) - Polling stopped for bot @ivanfitnesbot id=6487033991 - 'TestFitnesBot'
2023-10-28 16:35:58,487 - [INFO] = aiogram.dispatcher - (dispatcher.py).start_polling(551) - Polling stopped
2023-11-04 07:35:09,561 - [INFO] = apscheduler.scheduler - (base.py).add_job(454) - Adding job tentatively -- it will be properly scheduled when the scheduler starts
2023-11-04 07:35:09,562 - [INFO] = apscheduler.scheduler - (base.py)._real_add_job(895) - Added job "send_training_links" to job store "default"
2023-11-04 07:35:09,562 - [INFO] = apscheduler.scheduler - (base.py).start(181) - Scheduler started
2023-11-04 07:35:09,795 - [INFO] = aiogram.dispatcher - (dispatcher.py).start_polling(524) - Start polling
2023-11-04 07:35:09,838 - [INFO] = aiogram.dispatcher - (dispatcher.py)._polling(340) - Run polling for bot @ivanfitnesbot id=6487033991 - 'TestFitnesBot'
2023-11-04 07:36:00,008 - [INFO] = apscheduler.executors.default - (base_py3.py).run_coroutine_job(28) - Running job "send_training_links (trigger: cron[day_of_week='mon,wed,fri,sat', hour='7', minute='36'], next run at: 2023-11-06 07:36:00 CET)" (scheduled at 2023-11-04 07:36:00+01:00)
2023-11-04 07:36:00,276 - [INFO] = apscheduler.executors.default - (base_py3.py).run_coroutine_job(41) - Job "send_training_links (trigger: cron[day_of_week='mon,wed,fri,sat', hour='7', minute='36'], next run at: 2023-11-06 07:36:00 CET)" executed successfully
2023-11-04 07:36:19,539 - [WARNING] = aiogram.dispatcher - (dispatcher.py)._signal_stop_polling(452) - Received SIGINT signal
2023-11-04 07:36:19,540 - [INFO] = aiogram.dispatcher - (dispatcher.py)._polling(356) - Polling stopped for bot @ivanfitnesbot id=6487033991 - 'TestFitnesBot'
2023-11-04 07:36:19,540 - [INFO] = aiogram.dispatcher - (dispatcher.py).start_polling(551) - Polling stopped
2023-11-04 07:36:27,798 - [INFO] = apscheduler.scheduler - (base.py).add_job(454) - Adding job tentatively -- it will be properly scheduled when the scheduler starts
2023-11-04 07:36:27,798 - [INFO] = apscheduler.scheduler - (base.py)._real_add_job(895) - Added job "send_training_links" to job store "default"
2023-11-04 07:36:27,798 - [INFO] = apscheduler.scheduler - (base.py).start(181) - Scheduler started
2023-11-04 07:36:27,956 - [INFO] = aiogram.dispatcher - (dispatcher.py).start_polling(524) - Start polling
2023-11-04 07:36:28,000 - [INFO] = aiogram.dispatcher - (dispatcher.py)._polling(340) - Run polling for bot @ivanfitnesbot id=6487033991 - 'TestFitnesBot'
2023-11-04 07:37:00,003 - [INFO] = apscheduler.executors.default - (base_py3.py).run_coroutine_job(28) - Running job "send_training_links (trigger: cron[day_of_week='mon,wed,fri,sat', hour='7', minute='37'], next run at: 2023-11-06 07:37:00 CET)" (scheduled at 2023-11-04 07:37:00+01:00)
2023-11-04 07:37:00,255 - [INFO] = apscheduler.executors.default - (base_py3.py).run_coroutine_job(41) - Job "send_training_links (trigger: cron[day_of_week='mon,wed,fri,sat', hour='7', minute='37'], next run at: 2023-11-06 07:37:00 CET)" executed successfully
2023-11-04 07:37:06,579 - [WARNING] = aiogram.dispatcher - (dispatcher.py)._signal_stop_polling(452) - Received SIGINT signal
2023-11-04 07:37:06,580 - [INFO] = aiogram.dispatcher - (dispatcher.py)._polling(356) - Polling stopped for bot @ivanfitnesbot id=6487033991 - 'TestFitnesBot'
2023-11-04 07:37:06,580 - [INFO] = aiogram.dispatcher - (dispatcher.py).start_polling(551) - Polling stopped
2023-11-04 07:37:16,187 - [INFO] = apscheduler.scheduler - (base.py).add_job(454) - Adding job tentatively -- it will be properly scheduled when the scheduler starts
2023-11-04 07:37:16,188 - [INFO] = apscheduler.scheduler - (base.py)._real_add_job(895) - Added job "send_training_links" to job store "default"
2023-11-04 07:37:16,188 - [INFO] = apscheduler.scheduler - (base.py).start(181) - Scheduler started
2023-11-04 07:37:16,359 - [INFO] = aiogram.dispatcher - (dispatcher.py).start_polling(524) - Start polling
2023-11-04 07:37:16,408 - [INFO] = aiogram.dispatcher - (dispatcher.py)._polling(340) - Run polling for bot @ivanfitnesbot id=6487033991 - 'TestFitnesBot'
2023-11-04 07:38:00,004 - [INFO] = apscheduler.executors.default - (base_py3.py).run_coroutine_job(28) - Running job "send_training_links (trigger: cron[day_of_week='mon,wed,fri,sat', hour='7', minute='38'], next run at: 2023-11-06 07:38:00 CET)" (scheduled at 2023-11-04 07:38:00+01:00)
2023-11-04 07:38:00,165 - [INFO] = apscheduler.executors.default - (base_py3.py).run_coroutine_job(41) - Job "send_training_links (trigger: cron[day_of_week='mon,wed,fri,sat', hour='7', minute='38'], next run at: 2023-11-06 07:38:00 CET)" executed successfully
2023-11-04 07:38:18,925 - [WARNING] = aiogram.dispatcher - (dispatcher.py)._signal_stop_polling(452) - Received SIGINT signal
2023-11-04 07:38:18,925 - [INFO] = aiogram.dispatcher - (dispatcher.py)._polling(356) - Polling stopped for bot @ivanfitnesbot id=6487033991 - 'TestFitnesBot'
2023-11-04 07:38:18,925 - [INFO] = aiogram.dispatcher - (dispatcher.py).start_polling(551) - Polling stopped
2023-11-04 08:04:37,441 - [INFO] = apscheduler.scheduler - (base.py).add_job(454) - Adding job tentatively -- it will be properly scheduled when the scheduler starts
2023-11-04 08:04:37,442 - [INFO] = apscheduler.scheduler - (base.py)._real_add_job(895) - Added job "send_training_links" to job store "default"
2023-11-04 08:04:37,442 - [INFO] = apscheduler.scheduler - (base.py).start(181) - Scheduler started
2023-11-04 08:04:37,651 - [INFO] = aiogram.dispatcher - (dispatcher.py).start_polling(524) - Start polling
2023-11-04 08:04:37,694 - [INFO] = aiogram.dispatcher - (dispatcher.py)._polling(340) - Run polling for bot @ivanfitnesbot id=6487033991 - 'TestFitnesBot'
2023-11-04 08:04:45,320 - [INFO] = root - (handler.py).get_start(26) - Connected to the database
2023-11-04 08:04:46,497 - [INFO] = aiogram.event - (dispatcher.py).feed_update(171) - Update id=90532287 is handled. Duration 1186 ms by bot id=6487033991
2023-11-04 08:04:49,166 - [INFO] = aiogram.event - (dispatcher.py).feed_update(171) - Update id=90532288 is handled. Duration 11 ms by bot id=6487033991
2023-11-04 08:05:20,568 - [WARNING] = aiogram.dispatcher - (dispatcher.py)._signal_stop_polling(452) - Received SIGINT signal
2023-11-04 08:05:20,568 - [INFO] = aiogram.dispatcher - (dispatcher.py)._polling(356) - Polling stopped for bot @ivanfitnesbot id=6487033991 - 'TestFitnesBot'
2023-11-04 08:05:20,568 - [INFO] = aiogram.dispatcher - (dispatcher.py).start_polling(551) - Polling stopped
2023-11-04 08:05:25,346 - [INFO] = apscheduler.scheduler - (base.py).add_job(454) - Adding job tentatively -- it will be properly scheduled when the scheduler starts
2023-11-04 08:05:25,346 - [INFO] = apscheduler.scheduler - (base.py)._real_add_job(895) - Added job "send_training_links" to job store "default"
2023-11-04 08:05:25,346 - [INFO] = apscheduler.scheduler - (base.py).start(181) - Scheduler started
2023-11-04 08:05:25,532 - [INFO] = aiogram.dispatcher - (dispatcher.py).start_polling(524) - Start polling
2023-11-04 08:05:25,575 - [INFO] = aiogram.dispatcher - (dispatcher.py)._polling(340) - Run polling for bot @ivanfitnesbot id=6487033991 - 'TestFitnesBot'
2023-11-04 08:05:29,423 - [INFO] = root - (handler.py).get_start(26) - Connected to the database
2023-11-04 08:05:30,570 - [INFO] = aiogram.event - (dispatcher.py).feed_update(171) - Update id=90532289 is handled. Duration 1156 ms by bot id=6487033991
2023-11-04 08:05:32,210 - [INFO] = aiogram.event - (dispatcher.py).feed_update(171) - Update id=90532290 is handled. Duration 11 ms by bot id=6487033991
2023-11-04 08:05:43,588 - [WARNING] = aiogram.dispatcher - (dispatcher.py)._signal_stop_polling(452) - Received SIGINT signal
2023-11-04 08:05:43,588 - [INFO] = aiogram.dispatcher - (dispatcher.py)._polling(356) - Polling stopped for bot @ivanfitnesbot id=6487033991 - 'TestFitnesBot'
2023-11-04 08:05:43,589 - [INFO] = aiogram.dispatcher - (dispatcher.py).start_polling(551) - Polling stopped
2023-11-04 08:06:30,082 - [INFO] = apscheduler.scheduler - (base.py).add_job(454) - Adding job tentatively -- it will be properly scheduled when the scheduler starts
2023-11-04 08:06:30,083 - [INFO] = apscheduler.scheduler - (base.py)._real_add_job(895) - Added job "send_training_links" to job store "default"
2023-11-04 08:06:30,083 - [INFO] = apscheduler.scheduler - (base.py).start(181) - Scheduler started
2023-11-04 08:06:30,331 - [INFO] = aiogram.dispatcher - (dispatcher.py).start_polling(524) - Start polling
2023-11-04 08:06:30,370 - [INFO] = aiogram.dispatcher - (dispatcher.py)._polling(340) - Run polling for bot @ivanfitnesbot id=6487033991 - 'TestFitnesBot'
2023-11-04 08:06:35,921 - [INFO] = root - (handler.py).get_start(26) - Connected to the database
2023-11-04 08:06:37,084 - [INFO] = aiogram.event - (dispatcher.py).feed_update(171) - Update id=90532291 is handled. Duration 1172 ms by bot id=6487033991
2023-11-04 08:06:38,341 - [INFO] = aiogram.event - (dispatcher.py).feed_update(171) - Update id=90532292 is handled. Duration 10 ms by bot id=6487033991
2023-11-04 08:06:45,816 - [WARNING] = aiogram.dispatcher - (dispatcher.py)._signal_stop_polling(452) - Received SIGINT signal
2023-11-04 08:06:45,817 - [INFO] = aiogram.dispatcher - (dispatcher.py)._polling(356) - Polling stopped for bot @ivanfitnesbot id=6487033991 - 'TestFitnesBot'
2023-11-04 08:06:45,817 - [INFO] = aiogram.dispatcher - (dispatcher.py).start_polling(551) - Polling stopped
2023-11-04 08:14:04,357 - [INFO] = apscheduler.scheduler - (base.py).add_job(454) - Adding job tentatively -- it will be properly scheduled when the scheduler starts
2023-11-04 08:14:04,358 - [INFO] = apscheduler.scheduler - (base.py)._real_add_job(895) - Added job "send_training_links" to job store "default"
2023-11-04 08:14:04,358 - [INFO] = apscheduler.scheduler - (base.py).start(181) - Scheduler started
2023-11-04 08:14:04,686 - [INFO] = aiogram.dispatcher - (dispatcher.py).start_polling(524) - Start polling
2023-11-04 08:14:04,725 - [INFO] = aiogram.dispatcher - (dispatcher.py)._polling(340) - Run polling for bot @ivanfitnesbot id=6487033991 - 'TestFitnesBot'
2023-11-04 08:14:09,750 - [INFO] = root - (handler.py).get_start(26) - Connected to the database
2023-11-04 08:14:10,913 - [INFO] = aiogram.event - (dispatcher.py).feed_update(171) - Update id=90532293 is handled. Duration 1172 ms by bot id=6487033991
2023-11-04 08:14:12,407 - [INFO] = aiogram.event - (dispatcher.py).feed_update(171) - Update id=90532294 is handled. Duration 121 ms by bot id=6487033991
2023-11-04 08:14:14,447 - [INFO] = aiogram.event - (dispatcher.py).feed_update(171) - Update id=90532295 is handled. Duration 143 ms by bot id=6487033991
2023-11-04 08:14:17,850 - [INFO] = aiogram.event - (dispatcher.py).feed_update(171) - Update id=90532296 is handled. Duration 115 ms by bot id=6487033991
2023-11-04 08:14:21,657 - [INFO] = aiogram.event - (dispatcher.py).feed_update(171) - Update id=90532297 is handled. Duration 74 ms by bot id=6487033991
2023-11-04 08:14:30,286 - [INFO] = aiogram.event - (dispatcher.py).feed_update(171) - Update id=90532298 is handled. Duration 111 ms by bot id=6487033991
2023-11-04 08:14:35,260 - [INFO] = aiogram.event - (dispatcher.py).feed_update(171) - Update id=90532299 is handled. Duration 78 ms by bot id=6487033991
2023-11-04 08:14:50,339 - [INFO] = aiogram.event - (dispatcher.py).feed_update(171) - Update id=90532300 is handled. Duration 111 ms by bot id=6487033991
2023-11-04 08:15:03,982 - [INFO] = aiogram.event - (dispatcher.py).feed_update(171) - Update id=90532301 is handled. Duration 3183 ms by bot id=6487033991
2023-11-04 08:15:14,688 - [INFO] = aiogram.event - (dispatcher.py).feed_update(171) - Update id=90532302 is handled. Duration 127 ms by bot id=6487033991
2023-11-04 08:15:16,490 - [INFO] = aiogram.event - (dispatcher.py).feed_update(171) - Update id=90532303 is not handled. Duration 1 ms by bot id=6487033991
2023-11-04 08:15:24,292 - [INFO] = aiogram.event - (dispatcher.py).feed_update(171) - Update id=90532304 is handled. Duration 157 ms by bot id=6487033991
2023-11-04 08:15:27,336 - [INFO] = aiogram.event - (dispatcher.py).feed_update(171) - Update id=90532305 is handled. Duration 201 ms by bot id=6487033991
2023-11-04 08:15:27,458 - [INFO] = aiogram.event - (dispatcher.py).feed_update(171) - Update id=90532306 is not handled. Duration 1 ms by bot id=6487033991
2023-11-04 08:15:27,698 - [INFO] = aiogram.event - (dispatcher.py).feed_update(171) - Update id=90532307 is handled. Duration 203 ms by bot id=6487033991
2023-11-04 08:15:29,123 - [INFO] = aiogram.event - (dispatcher.py).feed_update(171) - Update id=90532308 is handled. Duration 390 ms by bot id=6487033991
2023-11-04 08:15:31,838 - [INFO] = aiogram.event - (dispatcher.py).feed_update(171) - Update id=90532309 is handled. Duration 114 ms by bot id=6487033991
2023-11-04 08:16:41,844 - [WARNING] = aiogram.dispatcher - (dispatcher.py)._signal_stop_polling(452) - Received SIGINT signal
2023-11-04 08:16:41,844 - [INFO] = aiogram.dispatcher - (dispatcher.py)._polling(356) - Polling stopped for bot @ivanfitnesbot id=6487033991 - 'TestFitnesBot'
2023-11-04 08:16:41,845 - [INFO] = aiogram.dispatcher - (dispatcher.py).start_polling(551) - Polling stopped
2023-11-04 08:39:17,863 - [INFO] = apscheduler.scheduler - (base.py).add_job(454) - Adding job tentatively -- it will be properly scheduled when the scheduler starts
2023-11-04 08:39:17,864 - [INFO] = apscheduler.scheduler - (base.py)._real_add_job(895) - Added job "send_training_links" to job store "default"
2023-11-04 08:39:17,864 - [INFO] = apscheduler.scheduler - (base.py).start(181) - Scheduler started
2023-11-04 08:39:18,061 - [INFO] = aiogram.dispatcher - (dispatcher.py).start_polling(524) - Start polling
2023-11-04 08:39:18,101 - [INFO] = aiogram.dispatcher - (dispatcher.py)._polling(340) - Run polling for bot @ivanfitnesbot id=6487033991 - 'TestFitnesBot'
2023-11-04 08:39:26,980 - [INFO] = aiogram.event - (dispatcher.py).feed_update(171) - Update id=90532310 is not handled. Duration 1 ms by bot id=6487033991
2023-11-04 08:39:26,980 - [ERROR] = aiogram.event - (dispatcher.py)._process_update(314) - Cause exception while process update id=90532310 by bot id=6487033991
ValidationError: 1 validation error for ReplyKeyboardMarkup
keyboard
  Field required [type=missing, input_value={'resize_keyboard': True}, input_type=dict]
    For further information visit https://errors.pydantic.dev/2.3/v/missing
Traceback (most recent call last):
  File "/home/anton/PycharmProjects/ivanFitBot/venv/lib/python3.10/site-packages/aiogram/dispatcher/dispatcher.py", line 308, in _process_update
    response = await self.feed_update(bot, update, **kwargs)
  File "/home/anton/PycharmProjects/ivanFitBot/venv/lib/python3.10/site-packages/aiogram/dispatcher/dispatcher.py", line 157, in feed_update
    response = await self.update.wrap_outer_middleware(
  File "/home/anton/PycharmProjects/ivanFitBot/venv/lib/python3.10/site-packages/aiogram/dispatcher/middlewares/error.py", line 25, in __call__
    return await handler(event, data)
  File "/home/anton/PycharmProjects/ivanFitBot/venv/lib/python3.10/site-packages/aiogram/dispatcher/middlewares/user_context.py", line 27, in __call__
    return await handler(event, data)
  File "/home/anton/PycharmProjects/ivanFitBot/venv/lib/python3.10/site-packages/aiogram/fsm/middleware.py", line 41, in __call__
    return await handler(event, data)
  File "/home/anton/PycharmProjects/ivanFitBot/venv/lib/python3.10/site-packages/aiogram/dispatcher/event/telegram.py", line 120, in trigger
    return await wrapped_inner(event, kwargs)
  File "/home/anton/PycharmProjects/ivanFitBot/venv/lib/python3.10/site-packages/aiogram/dispatcher/event/handler.py", line 42, in call
    return await wrapped()
  File "/home/anton/PycharmProjects/ivanFitBot/venv/lib/python3.10/site-packages/aiogram/dispatcher/dispatcher.py", line 275, in _listen_update
    return await self.propagate_event(update_type=update_type, event=event, **kwargs)
  File "/home/anton/PycharmProjects/ivanFitBot/venv/lib/python3.10/site-packages/aiogram/dispatcher/router.py", line 116, in propagate_event
    return await observer.wrap_outer_middleware(_wrapped, event=event, data=kwargs)
  File "/home/anton/PycharmProjects/ivanFitBot/venv/lib/python3.10/site-packages/aiogram/dispatcher/router.py", line 111, in _wrapped
    return await self._propagate_event(
  File "/home/anton/PycharmProjects/ivanFitBot/venv/lib/python3.10/site-packages/aiogram/dispatcher/router.py", line 144, in _propagate_event
    response = await router.propagate_event(update_type=update_type, event=event, **kwargs)
  File "/home/anton/PycharmProjects/ivanFitBot/venv/lib/python3.10/site-packages/aiogram/dispatcher/router.py", line 116, in propagate_event
    return await observer.wrap_outer_middleware(_wrapped, event=event, data=kwargs)
  File "/home/anton/PycharmProjects/ivanFitBot/venv/lib/python3.10/site-packages/aiogram/dispatcher/router.py", line 111, in _wrapped
    return await self._propagate_event(
  File "/home/anton/PycharmProjects/ivanFitBot/venv/lib/python3.10/site-packages/aiogram/dispatcher/router.py", line 136, in _propagate_event
    response = await observer.trigger(event, **kwargs)
  File "/home/anton/PycharmProjects/ivanFitBot/venv/lib/python3.10/site-packages/aiogram/dispatcher/event/telegram.py", line 120, in trigger
    return await wrapped_inner(event, kwargs)
  File "/home/anton/PycharmProjects/ivanFitBot/venv/lib/python3.10/site-packages/aiogram/dispatcher/event/handler.py", line 42, in call
    return await wrapped()
  File "/home/anton/PycharmProjects/ivanFitBot/handlers/handler.py", line 23, in send_menu
    markup = ReplyKeyboardMarkup(resize_keyboard=True)
  File "/home/anton/PycharmProjects/ivanFitBot/venv/lib/python3.10/site-packages/pydantic/main.py", line 165, in __init__
    __pydantic_self__.__pydantic_validator__.validate_python(data, self_instance=__pydantic_self__)
pydantic_core._pydantic_core.ValidationError: 1 validation error for ReplyKeyboardMarkup
keyboard
  Field required [type=missing, input_value={'resize_keyboard': True}, input_type=dict]
    For further information visit https://errors.pydantic.dev/2.3/v/missing
2023-11-04 08:41:06,023 - [WARNING] = aiogram.dispatcher - (dispatcher.py)._signal_stop_polling(452) - Received SIGINT signal
2023-11-04 08:41:06,024 - [INFO] = aiogram.dispatcher - (dispatcher.py)._polling(356) - Polling stopped for bot @ivanfitnesbot id=6487033991 - 'TestFitnesBot'
2023-11-04 08:41:06,024 - [INFO] = aiogram.dispatcher - (dispatcher.py).start_polling(551) - Polling stopped
2023-11-04 08:41:08,690 - [INFO] = apscheduler.scheduler - (base.py).add_job(454) - Adding job tentatively -- it will be properly scheduled when the scheduler starts
2023-11-04 08:41:08,691 - [INFO] = apscheduler.scheduler - (base.py)._real_add_job(895) - Added job "send_training_links" to job store "default"
2023-11-04 08:41:08,691 - [INFO] = apscheduler.scheduler - (base.py).start(181) - Scheduler started
2023-11-04 08:41:08,932 - [INFO] = aiogram.dispatcher - (dispatcher.py).start_polling(524) - Start polling
2023-11-04 08:41:08,975 - [INFO] = aiogram.dispatcher - (dispatcher.py)._polling(340) - Run polling for bot @ivanfitnesbot id=6487033991 - 'TestFitnesBot'
2023-11-04 08:41:12,082 - [INFO] = aiogram.event - (dispatcher.py).feed_update(171) - Update id=90532311 is not handled. Duration 0 ms by bot id=6487033991
2023-11-04 08:41:12,083 - [ERROR] = aiogram.event - (dispatcher.py)._process_update(314) - Cause exception while process update id=90532311 by bot id=6487033991
ValidationError: 1 validation error for ReplyKeyboardMarkup
keyboard
  Field required [type=missing, input_value={'resize_keyboard': True}, input_type=dict]
    For further information visit https://errors.pydantic.dev/2.3/v/missing
Traceback (most recent call last):
  File "/home/anton/PycharmProjects/ivanFitBot/venv/lib/python3.10/site-packages/aiogram/dispatcher/dispatcher.py", line 308, in _process_update
    response = await self.feed_update(bot, update, **kwargs)
  File "/home/anton/PycharmProjects/ivanFitBot/venv/lib/python3.10/site-packages/aiogram/dispatcher/dispatcher.py", line 157, in feed_update
    response = await self.update.wrap_outer_middleware(
  File "/home/anton/PycharmProjects/ivanFitBot/venv/lib/python3.10/site-packages/aiogram/dispatcher/middlewares/error.py", line 25, in __call__
    return await handler(event, data)
  File "/home/anton/PycharmProjects/ivanFitBot/venv/lib/python3.10/site-packages/aiogram/dispatcher/middlewares/user_context.py", line 27, in __call__
    return await handler(event, data)
  File "/home/anton/PycharmProjects/ivanFitBot/venv/lib/python3.10/site-packages/aiogram/fsm/middleware.py", line 41, in __call__
    return await handler(event, data)
  File "/home/anton/PycharmProjects/ivanFitBot/venv/lib/python3.10/site-packages/aiogram/dispatcher/event/telegram.py", line 120, in trigger
    return await wrapped_inner(event, kwargs)
  File "/home/anton/PycharmProjects/ivanFitBot/venv/lib/python3.10/site-packages/aiogram/dispatcher/event/handler.py", line 42, in call
    return await wrapped()
  File "/home/anton/PycharmProjects/ivanFitBot/venv/lib/python3.10/site-packages/aiogram/dispatcher/dispatcher.py", line 275, in _listen_update
    return await self.propagate_event(update_type=update_type, event=event, **kwargs)
  File "/home/anton/PycharmProjects/ivanFitBot/venv/lib/python3.10/site-packages/aiogram/dispatcher/router.py", line 116, in propagate_event
    return await observer.wrap_outer_middleware(_wrapped, event=event, data=kwargs)
  File "/home/anton/PycharmProjects/ivanFitBot/venv/lib/python3.10/site-packages/aiogram/dispatcher/router.py", line 111, in _wrapped
    return await self._propagate_event(
  File "/home/anton/PycharmProjects/ivanFitBot/venv/lib/python3.10/site-packages/aiogram/dispatcher/router.py", line 144, in _propagate_event
    response = await router.propagate_event(update_type=update_type, event=event, **kwargs)
  File "/home/anton/PycharmProjects/ivanFitBot/venv/lib/python3.10/site-packages/aiogram/dispatcher/router.py", line 116, in propagate_event
    return await observer.wrap_outer_middleware(_wrapped, event=event, data=kwargs)
  File "/home/anton/PycharmProjects/ivanFitBot/venv/lib/python3.10/site-packages/aiogram/dispatcher/router.py", line 111, in _wrapped
    return await self._propagate_event(
  File "/home/anton/PycharmProjects/ivanFitBot/venv/lib/python3.10/site-packages/aiogram/dispatcher/router.py", line 136, in _propagate_event
    response = await observer.trigger(event, **kwargs)
  File "/home/anton/PycharmProjects/ivanFitBot/venv/lib/python3.10/site-packages/aiogram/dispatcher/event/telegram.py", line 120, in trigger
    return await wrapped_inner(event, kwargs)
  File "/home/anton/PycharmProjects/ivanFitBot/venv/lib/python3.10/site-packages/aiogram/dispatcher/event/handler.py", line 42, in call
    return await wrapped()
  File "/home/anton/PycharmProjects/ivanFitBot/handlers/handler.py", line 23, in send_menu
    markup = ReplyKeyboardMarkup(resize_keyboard=True)
  File "/home/anton/PycharmProjects/ivanFitBot/venv/lib/python3.10/site-packages/pydantic/main.py", line 165, in __init__
    __pydantic_self__.__pydantic_validator__.validate_python(data, self_instance=__pydantic_self__)
pydantic_core._pydantic_core.ValidationError: 1 validation error for ReplyKeyboardMarkup
keyboard
  Field required [type=missing, input_value={'resize_keyboard': True}, input_type=dict]
    For further information visit https://errors.pydantic.dev/2.3/v/missing
2023-11-04 08:41:59,933 - [WARNING] = aiogram.dispatcher - (dispatcher.py)._signal_stop_polling(452) - Received SIGINT signal
2023-11-04 08:41:59,933 - [INFO] = aiogram.dispatcher - (dispatcher.py)._polling(356) - Polling stopped for bot @ivanfitnesbot id=6487033991 - 'TestFitnesBot'
2023-11-04 08:41:59,933 - [INFO] = aiogram.dispatcher - (dispatcher.py).start_polling(551) - Polling stopped
2023-11-04 08:42:01,734 - [INFO] = apscheduler.scheduler - (base.py).add_job(454) - Adding job tentatively -- it will be properly scheduled when the scheduler starts
2023-11-04 08:42:01,735 - [INFO] = apscheduler.scheduler - (base.py)._real_add_job(895) - Added job "send_training_links" to job store "default"
2023-11-04 08:42:01,735 - [INFO] = apscheduler.scheduler - (base.py).start(181) - Scheduler started
2023-11-04 08:42:01,925 - [INFO] = aiogram.dispatcher - (dispatcher.py).start_polling(524) - Start polling
2023-11-04 08:42:01,963 - [INFO] = aiogram.dispatcher - (dispatcher.py)._polling(340) - Run polling for bot @ivanfitnesbot id=6487033991 - 'TestFitnesBot'
2023-11-04 08:42:05,040 - [INFO] = aiogram.event - (dispatcher.py).feed_update(171) - Update id=90532312 is not handled. Duration 1 ms by bot id=6487033991
2023-11-04 08:42:05,041 - [ERROR] = aiogram.event - (dispatcher.py)._process_update(314) - Cause exception while process update id=90532312 by bot id=6487033991
TypeError: BaseModel.__init__() takes 1 positional argument but 2 were given
Traceback (most recent call last):
  File "/home/anton/PycharmProjects/ivanFitBot/venv/lib/python3.10/site-packages/aiogram/dispatcher/dispatcher.py", line 308, in _process_update
    response = await self.feed_update(bot, update, **kwargs)
  File "/home/anton/PycharmProjects/ivanFitBot/venv/lib/python3.10/site-packages/aiogram/dispatcher/dispatcher.py", line 157, in feed_update
    response = await self.update.wrap_outer_middleware(
  File "/home/anton/PycharmProjects/ivanFitBot/venv/lib/python3.10/site-packages/aiogram/dispatcher/middlewares/error.py", line 25, in __call__
    return await handler(event, data)
  File "/home/anton/PycharmProjects/ivanFitBot/venv/lib/python3.10/site-packages/aiogram/dispatcher/middlewares/user_context.py", line 27, in __call__
    return await handler(event, data)
  File "/home/anton/PycharmProjects/ivanFitBot/venv/lib/python3.10/site-packages/aiogram/fsm/middleware.py", line 41, in __call__
    return await handler(event, data)
  File "/home/anton/PycharmProjects/ivanFitBot/venv/lib/python3.10/site-packages/aiogram/dispatcher/event/telegram.py", line 120, in trigger
    return await wrapped_inner(event, kwargs)
  File "/home/anton/PycharmProjects/ivanFitBot/venv/lib/python3.10/site-packages/aiogram/dispatcher/event/handler.py", line 42, in call
    return await wrapped()
  File "/home/anton/PycharmProjects/ivanFitBot/venv/lib/python3.10/site-packages/aiogram/dispatcher/dispatcher.py", line 275, in _listen_update
    return await self.propagate_event(update_type=update_type, event=event, **kwargs)
  File "/home/anton/PycharmProjects/ivanFitBot/venv/lib/python3.10/site-packages/aiogram/dispatcher/router.py", line 116, in propagate_event
    return await observer.wrap_outer_middleware(_wrapped, event=event, data=kwargs)
  File "/home/anton/PycharmProjects/ivanFitBot/venv/lib/python3.10/site-packages/aiogram/dispatcher/router.py", line 111, in _wrapped
    return await self._propagate_event(
  File "/home/anton/PycharmProjects/ivanFitBot/venv/lib/python3.10/site-packages/aiogram/dispatcher/router.py", line 144, in _propagate_event
    response = await router.propagate_event(update_type=update_type, event=event, **kwargs)
  File "/home/anton/PycharmProjects/ivanFitBot/venv/lib/python3.10/site-packages/aiogram/dispatcher/router.py", line 116, in propagate_event
    return await observer.wrap_outer_middleware(_wrapped, event=event, data=kwargs)
  File "/home/anton/PycharmProjects/ivanFitBot/venv/lib/python3.10/site-packages/aiogram/dispatcher/router.py", line 111, in _wrapped
    return await self._propagate_event(
  File "/home/anton/PycharmProjects/ivanFitBot/venv/lib/python3.10/site-packages/aiogram/dispatcher/router.py", line 136, in _propagate_event
    response = await observer.trigger(event, **kwargs)
  File "/home/anton/PycharmProjects/ivanFitBot/venv/lib/python3.10/site-packages/aiogram/dispatcher/event/telegram.py", line 120, in trigger
    return await wrapped_inner(event, kwargs)
  File "/home/anton/PycharmProjects/ivanFitBot/venv/lib/python3.10/site-packages/aiogram/dispatcher/event/handler.py", line 42, in call
    return await wrapped()
  File "/home/anton/PycharmProjects/ivanFitBot/handlers/handler.py", line 23, in send_menu
    buttons = [[KeyboardButton(command) for command in ["/command1", "/command2", "/command3"]]]
  File "/home/anton/PycharmProjects/ivanFitBot/handlers/handler.py", line 23, in <listcomp>
    buttons = [[KeyboardButton(command) for command in ["/command1", "/command2", "/command3"]]]
TypeError: BaseModel.__init__() takes 1 positional argument but 2 were given
2023-11-04 08:42:49,494 - [WARNING] = aiogram.dispatcher - (dispatcher.py)._signal_stop_polling(452) - Received SIGINT signal
2023-11-04 08:42:49,495 - [INFO] = aiogram.dispatcher - (dispatcher.py)._polling(356) - Polling stopped for bot @ivanfitnesbot id=6487033991 - 'TestFitnesBot'
2023-11-04 08:42:49,495 - [INFO] = aiogram.dispatcher - (dispatcher.py).start_polling(551) - Polling stopped
2023-11-04 08:42:51,330 - [INFO] = apscheduler.scheduler - (base.py).add_job(454) - Adding job tentatively -- it will be properly scheduled when the scheduler starts
2023-11-04 08:42:51,331 - [INFO] = apscheduler.scheduler - (base.py)._real_add_job(895) - Added job "send_training_links" to job store "default"
2023-11-04 08:42:51,331 - [INFO] = apscheduler.scheduler - (base.py).start(181) - Scheduler started
2023-11-04 08:42:51,499 - [INFO] = aiogram.dispatcher - (dispatcher.py).start_polling(524) - Start polling
2023-11-04 08:42:51,541 - [INFO] = aiogram.dispatcher - (dispatcher.py)._polling(340) - Run polling for bot @ivanfitnesbot id=6487033991 - 'TestFitnesBot'
2023-11-04 08:42:54,408 - [INFO] = aiogram.event - (dispatcher.py).feed_update(171) - Update id=90532313 is handled. Duration 169 ms by bot id=6487033991
2023-11-04 08:43:04,252 - [WARNING] = aiogram.dispatcher - (dispatcher.py)._signal_stop_polling(452) - Received SIGINT signal
2023-11-04 08:43:04,253 - [INFO] = aiogram.dispatcher - (dispatcher.py)._polling(356) - Polling stopped for bot @ivanfitnesbot id=6487033991 - 'TestFitnesBot'
2023-11-04 08:43:04,253 - [INFO] = aiogram.dispatcher - (dispatcher.py).start_polling(551) - Polling stopped
2023-11-04 08:43:57,720 - [INFO] = apscheduler.scheduler - (base.py).add_job(454) - Adding job tentatively -- it will be properly scheduled when the scheduler starts
2023-11-04 08:43:57,721 - [INFO] = apscheduler.scheduler - (base.py)._real_add_job(895) - Added job "send_training_links" to job store "default"
2023-11-04 08:43:57,721 - [INFO] = apscheduler.scheduler - (base.py).start(181) - Scheduler started
2023-11-04 08:43:57,905 - [INFO] = aiogram.dispatcher - (dispatcher.py).start_polling(524) - Start polling
2023-11-04 08:43:57,953 - [INFO] = aiogram.dispatcher - (dispatcher.py)._polling(340) - Run polling for bot @ivanfitnesbot id=6487033991 - 'TestFitnesBot'
2023-11-04 08:44:03,398 - [INFO] = aiogram.event - (dispatcher.py).feed_update(171) - Update id=90532314 is handled. Duration 147 ms by bot id=6487033991
2023-11-04 08:44:09,026 - [INFO] = aiogram.event - (dispatcher.py).feed_update(171) - Update id=90532315 is handled. Duration 83 ms by bot id=6487033991
2023-11-04 08:44:14,912 - [INFO] = aiogram.event - (dispatcher.py).feed_update(171) - Update id=90532316 is handled. Duration 429 ms by bot id=6487033991
2023-11-04 08:44:21,909 - [INFO] = aiogram.event - (dispatcher.py).feed_update(171) - Update id=90532317 is handled. Duration 169 ms by bot id=6487033991
2023-11-04 08:44:32,938 - [WARNING] = aiogram.dispatcher - (dispatcher.py)._signal_stop_polling(452) - Received SIGINT signal
2023-11-04 08:44:32,939 - [INFO] = aiogram.dispatcher - (dispatcher.py)._polling(356) - Polling stopped for bot @ivanfitnesbot id=6487033991 - 'TestFitnesBot'
2023-11-04 08:44:32,939 - [INFO] = aiogram.dispatcher - (dispatcher.py).start_polling(551) - Polling stopped
2023-11-04 10:00:26,859 - [INFO] = apscheduler.scheduler - (base.py).add_job(454) - Adding job tentatively -- it will be properly scheduled when the scheduler starts
2023-11-04 10:00:26,860 - [INFO] = apscheduler.scheduler - (base.py)._real_add_job(895) - Added job "send_training_links" to job store "default"
2023-11-04 10:00:26,860 - [INFO] = apscheduler.scheduler - (base.py).start(181) - Scheduler started
2023-11-04 10:00:27,108 - [INFO] = aiogram.dispatcher - (dispatcher.py).start_polling(524) - Start polling
2023-11-04 10:00:27,149 - [INFO] = aiogram.dispatcher - (dispatcher.py)._polling(340) - Run polling for bot @ivanfitnesbot id=6487033991 - 'TestFitnesBot'
2023-11-04 10:00:36,624 - [INFO] = aiogram.event - (dispatcher.py).feed_update(171) - Update id=90532318 is handled. Duration 167 ms by bot id=6487033991
2023-11-04 10:00:39,903 - [INFO] = aiogram.event - (dispatcher.py).feed_update(171) - Update id=90532319 is handled. Duration 97 ms by bot id=6487033991
2023-11-04 10:00:41,616 - [INFO] = aiogram.event - (dispatcher.py).feed_update(171) - Update id=90532320 is handled. Duration 145 ms by bot id=6487033991
2023-11-04 10:00:45,022 - [INFO] = aiogram.event - (dispatcher.py).feed_update(171) - Update id=90532321 is handled. Duration 147 ms by bot id=6487033991
2023-11-04 10:00:48,988 - [INFO] = aiogram.event - (dispatcher.py).feed_update(171) - Update id=90532322 is handled. Duration 89 ms by bot id=6487033991
2023-11-04 10:00:50,102 - [INFO] = aiogram.event - (dispatcher.py).feed_update(171) - Update id=90532323 is handled. Duration 162 ms by bot id=6487033991
2023-11-04 10:00:52,087 - [INFO] = aiogram.event - (dispatcher.py).feed_update(171) - Update id=90532324 is handled. Duration 82 ms by bot id=6487033991
2023-11-04 10:00:54,297 - [INFO] = aiogram.event - (dispatcher.py).feed_update(171) - Update id=90532325 is handled. Duration 136 ms by bot id=6487033991
2023-11-04 10:00:55,381 - [INFO] = aiogram.event - (dispatcher.py).feed_update(171) - Update id=90532326 is handled. Duration 95 ms by bot id=6487033991
2023-11-04 10:00:57,045 - [INFO] = aiogram.event - (dispatcher.py).feed_update(171) - Update id=90532327 is handled. Duration 150 ms by bot id=6487033991
2023-11-04 10:00:58,734 - [INFO] = aiogram.event - (dispatcher.py).feed_update(171) - Update id=90532328 is handled. Duration 184 ms by bot id=6487033991
2023-11-04 10:00:59,647 - [INFO] = aiogram.event - (dispatcher.py).feed_update(171) - Update id=90532329 is handled. Duration 140 ms by bot id=6487033991
2023-11-04 10:01:01,769 - [INFO] = aiogram.event - (dispatcher.py).feed_update(171) - Update id=90532330 is handled. Duration 98 ms by bot id=6487033991
2023-11-04 10:01:03,458 - [INFO] = aiogram.event - (dispatcher.py).feed_update(171) - Update id=90532331 is handled. Duration 180 ms by bot id=6487033991
2023-11-04 10:01:04,472 - [INFO] = aiogram.event - (dispatcher.py).feed_update(171) - Update id=90532332 is handled. Duration 171 ms by bot id=6487033991
2023-11-04 10:01:05,647 - [INFO] = aiogram.event - (dispatcher.py).feed_update(171) - Update id=90532333 is handled. Duration 169 ms by bot id=6487033991
2023-11-04 10:01:07,347 - [INFO] = aiogram.event - (dispatcher.py).feed_update(171) - Update id=90532334 is handled. Duration 128 ms by bot id=6487033991
2023-11-04 10:01:08,228 - [INFO] = aiogram.event - (dispatcher.py).feed_update(171) - Update id=90532335 is handled. Duration 124 ms by bot id=6487033991
2023-11-04 10:01:09,413 - [INFO] = aiogram.event - (dispatcher.py).feed_update(171) - Update id=90532336 is handled. Duration 112 ms by bot id=6487033991
2023-11-04 10:01:11,148 - [INFO] = aiogram.event - (dispatcher.py).feed_update(171) - Update id=90532337 is handled. Duration 133 ms by bot id=6487033991
2023-11-04 10:01:12,200 - [INFO] = aiogram.event - (dispatcher.py).feed_update(171) - Update id=90532338 is handled. Duration 162 ms by bot id=6487033991
2023-11-04 10:01:13,520 - [INFO] = aiogram.event - (dispatcher.py).feed_update(171) - Update id=90532339 is handled. Duration 173 ms by bot id=6487033991
2023-11-04 10:01:15,434 - [INFO] = aiogram.event - (dispatcher.py).feed_update(171) - Update id=90532340 is handled. Duration 82 ms by bot id=6487033991
2023-11-04 10:01:16,292 - [INFO] = aiogram.event - (dispatcher.py).feed_update(171) - Update id=90532341 is handled. Duration 130 ms by bot id=6487033991
2023-11-04 10:01:17,929 - [INFO] = aiogram.event - (dispatcher.py).feed_update(171) - Update id=90532342 is handled. Duration 110 ms by bot id=6487033991
2023-11-04 10:01:19,397 - [INFO] = aiogram.event - (dispatcher.py).feed_update(171) - Update id=90532343 is handled. Duration 84 ms by bot id=6487033991
2023-11-04 10:01:20,281 - [INFO] = aiogram.event - (dispatcher.py).feed_update(171) - Update id=90532344 is handled. Duration 100 ms by bot id=6487033991
2023-11-04 10:01:21,994 - [INFO] = aiogram.event - (dispatcher.py).feed_update(171) - Update id=90532345 is handled. Duration 78 ms by bot id=6487033991
2023-11-04 10:01:23,948 - [INFO] = aiogram.event - (dispatcher.py).feed_update(171) - Update id=90532346 is handled. Duration 77 ms by bot id=6487033991
2023-11-04 10:01:25,311 - [INFO] = aiogram.event - (dispatcher.py).feed_update(171) - Update id=90532347 is handled. Duration 89 ms by bot id=6487033991
2023-11-04 10:01:26,933 - [INFO] = aiogram.event - (dispatcher.py).feed_update(171) - Update id=90532348 is handled. Duration 93 ms by bot id=6487033991
2023-11-04 10:01:31,998 - [INFO] = aiogram.event - (dispatcher.py).feed_update(171) - Update id=90532349 is handled. Duration 87 ms by bot id=6487033991
2023-11-04 10:01:33,217 - [INFO] = aiogram.event - (dispatcher.py).feed_update(171) - Update id=90532350 is handled. Duration 86 ms by bot id=6487033991
2023-11-04 10:01:34,989 - [INFO] = aiogram.event - (dispatcher.py).feed_update(171) - Update id=90532351 is handled. Duration 73 ms by bot id=6487033991
2023-11-04 10:01:37,766 - [INFO] = aiogram.event - (dispatcher.py).feed_update(171) - Update id=90532352 is handled. Duration 114 ms by bot id=6487033991
2023-11-04 10:01:38,985 - [INFO] = aiogram.event - (dispatcher.py).feed_update(171) - Update id=90532353 is handled. Duration 140 ms by bot id=6487033991
2023-11-04 10:01:40,550 - [INFO] = aiogram.event - (dispatcher.py).feed_update(171) - Update id=90532354 is handled. Duration 126 ms by bot id=6487033991
2023-11-04 10:01:44,214 - [INFO] = aiogram.event - (dispatcher.py).feed_update(171) - Update id=90532355 is handled. Duration 132 ms by bot id=6487033991
2023-11-04 10:01:46,468 - [INFO] = aiogram.event - (dispatcher.py).feed_update(171) - Update id=90532356 is handled. Duration 130 ms by bot id=6487033991
2023-11-04 10:01:48,015 - [INFO] = aiogram.event - (dispatcher.py).feed_update(171) - Update id=90532357 is handled. Duration 101 ms by bot id=6487033991
2023-11-04 10:01:49,253 - [INFO] = aiogram.event - (dispatcher.py).feed_update(171) - Update id=90532358 is handled. Duration 106 ms by bot id=6487033991
2023-11-04 10:01:50,338 - [INFO] = aiogram.event - (dispatcher.py).feed_update(171) - Update id=90532359 is handled. Duration 112 ms by bot id=6487033991
2023-11-04 10:01:51,541 - [INFO] = aiogram.event - (dispatcher.py).feed_update(171) - Update id=90532360 is handled. Duration 116 ms by bot id=6487033991
2023-11-04 10:01:52,942 - [INFO] = aiogram.event - (dispatcher.py).feed_update(171) - Update id=90532361 is handled. Duration 85 ms by bot id=6487033991
2023-11-04 10:01:54,770 - [INFO] = aiogram.event - (dispatcher.py).feed_update(171) - Update id=90532362 is handled. Duration 128 ms by bot id=6487033991
2023-11-04 10:01:56,150 - [INFO] = aiogram.event - (dispatcher.py).feed_update(171) - Update id=90532363 is handled. Duration 241 ms by bot id=6487033991
2023-11-04 10:01:58,107 - [INFO] = aiogram.event - (dispatcher.py).feed_update(171) - Update id=90532364 is handled. Duration 74 ms by bot id=6487033991
2023-11-04 10:01:59,523 - [INFO] = aiogram.event - (dispatcher.py).feed_update(171) - Update id=90532365 is handled. Duration 98 ms by bot id=6487033991
2023-11-04 10:02:00,776 - [INFO] = aiogram.event - (dispatcher.py).feed_update(171) - Update id=90532366 is handled. Duration 79 ms by bot id=6487033991
2023-11-04 10:02:02,316 - [INFO] = aiogram.event - (dispatcher.py).feed_update(171) - Update id=90532367 is handled. Duration 91 ms by bot id=6487033991
2023-11-04 10:02:03,193 - [INFO] = aiogram.event - (dispatcher.py).feed_update(171) - Update id=90532368 is handled. Duration 139 ms by bot id=6487033991
2023-11-04 10:02:04,576 - [INFO] = aiogram.event - (dispatcher.py).feed_update(171) - Update id=90532369 is handled. Duration 88 ms by bot id=6487033991
2023-11-04 10:02:05,960 - [INFO] = aiogram.event - (dispatcher.py).feed_update(171) - Update id=90532370 is handled. Duration 83 ms by bot id=6487033991
2023-11-04 10:02:06,827 - [INFO] = aiogram.event - (dispatcher.py).feed_update(171) - Update id=90532371 is handled. Duration 90 ms by bot id=6487033991
2023-11-04 10:02:08,093 - [INFO] = aiogram.event - (dispatcher.py).feed_update(171) - Update id=90532372 is handled. Duration 88 ms by bot id=6487033991
2023-11-04 10:02:09,328 - [INFO] = aiogram.event - (dispatcher.py).feed_update(171) - Update id=90532373 is handled. Duration 90 ms by bot id=6487033991
2023-11-04 10:02:10,220 - [INFO] = aiogram.event - (dispatcher.py).feed_update(171) - Update id=90532374 is handled. Duration 143 ms by bot id=6487033991
2023-11-04 10:02:11,571 - [INFO] = aiogram.event - (dispatcher.py).feed_update(171) - Update id=90532375 is handled. Duration 97 ms by bot id=6487033991
2023-11-04 10:02:12,943 - [INFO] = aiogram.event - (dispatcher.py).feed_update(171) - Update id=90532376 is handled. Duration 87 ms by bot id=6487033991
2023-11-04 10:02:13,982 - [INFO] = aiogram.event - (dispatcher.py).feed_update(171) - Update id=90532377 is handled. Duration 97 ms by bot id=6487033991
2023-11-04 10:02:15,160 - [INFO] = aiogram.event - (dispatcher.py).feed_update(171) - Update id=90532378 is handled. Duration 132 ms by bot id=6487033991
2023-11-04 10:02:16,474 - [INFO] = aiogram.event - (dispatcher.py).feed_update(171) - Update id=90532379 is handled. Duration 103 ms by bot id=6487033991
2023-11-04 10:02:17,300 - [INFO] = aiogram.event - (dispatcher.py).feed_update(171) - Update id=90532380 is handled. Duration 98 ms by bot id=6487033991
2023-11-04 10:02:18,752 - [INFO] = aiogram.event - (dispatcher.py).feed_update(171) - Update id=90532381 is handled. Duration 82 ms by bot id=6487033991
2023-11-04 10:02:24,192 - [INFO] = aiogram.event - (dispatcher.py).feed_update(171) - Update id=90532382 is handled. Duration 147 ms by bot id=6487033991
2023-11-04 10:02:25,055 - [INFO] = aiogram.event - (dispatcher.py).feed_update(171) - Update id=90532383 is handled. Duration 108 ms by bot id=6487033991
2023-11-04 10:02:26,615 - [INFO] = aiogram.event - (dispatcher.py).feed_update(171) - Update id=90532384 is handled. Duration 105 ms by bot id=6487033991
2023-11-04 10:02:27,970 - [INFO] = aiogram.event - (dispatcher.py).feed_update(171) - Update id=90532385 is handled. Duration 87 ms by bot id=6487033991
2023-11-04 10:02:28,841 - [INFO] = aiogram.event - (dispatcher.py).feed_update(171) - Update id=90532386 is handled. Duration 91 ms by bot id=6487033991
2023-11-04 10:02:30,321 - [INFO] = aiogram.event - (dispatcher.py).feed_update(171) - Update id=90532387 is handled. Duration 164 ms by bot id=6487033991
2023-11-04 10:02:31,754 - [INFO] = aiogram.event - (dispatcher.py).feed_update(171) - Update id=90532388 is handled. Duration 105 ms by bot id=6487033991
2023-11-04 10:02:32,851 - [INFO] = aiogram.event - (dispatcher.py).feed_update(171) - Update id=90532389 is handled. Duration 102 ms by bot id=6487033991
2023-11-04 10:02:34,779 - [INFO] = aiogram.event - (dispatcher.py).feed_update(171) - Update id=90532390 is handled. Duration 132 ms by bot id=6487033991
2023-11-04 10:02:37,883 - [INFO] = aiogram.event - (dispatcher.py).feed_update(171) - Update id=90532391 is handled. Duration 208 ms by bot id=6487033991
2023-11-04 10:02:38,938 - [INFO] = aiogram.event - (dispatcher.py).feed_update(171) - Update id=90532392 is handled. Duration 181 ms by bot id=6487033991
2023-11-04 10:05:37,447 - [WARNING] = aiogram.dispatcher - (dispatcher.py)._signal_stop_polling(452) - Received SIGINT signal
2023-11-04 10:05:37,448 - [INFO] = aiogram.dispatcher - (dispatcher.py)._polling(356) - Polling stopped for bot @ivanfitnesbot id=6487033991 - 'TestFitnesBot'
2023-11-04 10:05:37,448 - [INFO] = aiogram.dispatcher - (dispatcher.py).start_polling(551) - Polling stopped
2023-11-04 10:06:42,254 - [INFO] = apscheduler.scheduler - (base.py).add_job(454) - Adding job tentatively -- it will be properly scheduled when the scheduler starts
2023-11-04 10:06:42,255 - [INFO] = apscheduler.scheduler - (base.py)._real_add_job(895) - Added job "send_training_links" to job store "default"
2023-11-04 10:06:42,255 - [INFO] = apscheduler.scheduler - (base.py).start(181) - Scheduler started
2023-11-04 10:06:42,466 - [INFO] = aiogram.dispatcher - (dispatcher.py).start_polling(524) - Start polling
2023-11-04 10:06:42,513 - [INFO] = aiogram.dispatcher - (dispatcher.py)._polling(340) - Run polling for bot @ivanfitnesbot id=6487033991 - 'TestFitnesBot'
2023-11-04 10:06:46,782 - [INFO] = aiogram.event - (dispatcher.py).feed_update(171) - Update id=90532393 is handled. Duration 150 ms by bot id=6487033991
2023-11-04 10:06:54,634 - [INFO] = aiogram.event - (dispatcher.py).feed_update(171) - Update id=90532394 is handled. Duration 122 ms by bot id=6487033991
2023-11-04 10:06:58,366 - [INFO] = aiogram.event - (dispatcher.py).feed_update(171) - Update id=90532395 is handled. Duration 119 ms by bot id=6487033991
2023-11-04 10:07:01,849 - [INFO] = aiogram.event - (dispatcher.py).feed_update(171) - Update id=90532396 is handled. Duration 181 ms by bot id=6487033991
2023-11-04 10:07:03,932 - [INFO] = aiogram.event - (dispatcher.py).feed_update(171) - Update id=90532397 is handled. Duration 196 ms by bot id=6487033991
2023-11-04 10:07:04,953 - [INFO] = aiogram.event - (dispatcher.py).feed_update(171) - Update id=90532398 is handled. Duration 201 ms by bot id=6487033991
2023-11-04 10:07:06,620 - [INFO] = aiogram.event - (dispatcher.py).feed_update(171) - Update id=90532399 is handled. Duration 97 ms by bot id=6487033991
2023-11-04 10:07:09,001 - [INFO] = aiogram.event - (dispatcher.py).feed_update(171) - Update id=90532400 is handled. Duration 87 ms by bot id=6487033991
2023-11-04 10:07:10,873 - [INFO] = aiogram.event - (dispatcher.py).feed_update(171) - Update id=90532401 is handled. Duration 86 ms by bot id=6487033991
2023-11-04 10:07:12,504 - [INFO] = aiogram.event - (dispatcher.py).feed_update(171) - Update id=90532402 is handled. Duration 108 ms by bot id=6487033991
2023-11-04 10:07:14,149 - [INFO] = aiogram.event - (dispatcher.py).feed_update(171) - Update id=90532403 is handled. Duration 78 ms by bot id=6487033991
2023-11-04 10:07:15,170 - [INFO] = aiogram.event - (dispatcher.py).feed_update(171) - Update id=90532404 is handled. Duration 89 ms by bot id=6487033991
2023-11-04 10:07:16,746 - [INFO] = aiogram.event - (dispatcher.py).feed_update(171) - Update id=90532405 is handled. Duration 136 ms by bot id=6487033991
2023-11-04 10:07:18,412 - [INFO] = aiogram.event - (dispatcher.py).feed_update(171) - Update id=90532406 is handled. Duration 171 ms by bot id=6487033991
2023-11-04 10:07:19,374 - [INFO] = aiogram.event - (dispatcher.py).feed_update(171) - Update id=90532407 is handled. Duration 93 ms by bot id=6487033991
2023-11-04 10:07:20,754 - [INFO] = aiogram.event - (dispatcher.py).feed_update(171) - Update id=90532408 is handled. Duration 95 ms by bot id=6487033991
2023-11-04 10:07:22,132 - [INFO] = aiogram.event - (dispatcher.py).feed_update(171) - Update id=90532409 is handled. Duration 96 ms by bot id=6487033991
2023-11-04 10:07:23,128 - [INFO] = aiogram.event - (dispatcher.py).feed_update(171) - Update id=90532410 is handled. Duration 109 ms by bot id=6487033991
2023-11-04 10:07:24,823 - [INFO] = aiogram.event - (dispatcher.py).feed_update(171) - Update id=90532411 is handled. Duration 83 ms by bot id=6487033991
2023-11-04 10:07:26,257 - [INFO] = aiogram.event - (dispatcher.py).feed_update(171) - Update id=90532412 is handled. Duration 91 ms by bot id=6487033991
2023-11-04 10:07:27,085 - [INFO] = aiogram.event - (dispatcher.py).feed_update(171) - Update id=90532413 is handled. Duration 82 ms by bot id=6487033991
2023-11-04 10:07:28,489 - [INFO] = aiogram.event - (dispatcher.py).feed_update(171) - Update id=90532414 is handled. Duration 75 ms by bot id=6487033991
2023-11-04 10:07:30,870 - [INFO] = aiogram.event - (dispatcher.py).feed_update(171) - Update id=90532415 is handled. Duration 79 ms by bot id=6487033991
2023-11-04 10:07:32,431 - [INFO] = aiogram.event - (dispatcher.py).feed_update(171) - Update id=90532416 is handled. Duration 84 ms by bot id=6487033991
2023-11-04 10:07:35,015 - [INFO] = aiogram.event - (dispatcher.py).feed_update(171) - Update id=90532417 is not handled. Duration 1 ms by bot id=6487033991
2023-11-04 10:07:40,083 - [INFO] = aiogram.event - (dispatcher.py).feed_update(171) - Update id=90532418 is handled. Duration 83 ms by bot id=6487033991
2023-11-04 10:07:42,924 - [INFO] = aiogram.event - (dispatcher.py).feed_update(171) - Update id=90532419 is handled. Duration 189 ms by bot id=6487033991
2023-11-04 10:07:43,907 - [INFO] = aiogram.event - (dispatcher.py).feed_update(171) - Update id=90532420 is handled. Duration 136 ms by bot id=6487033991
2023-11-04 10:07:46,198 - [INFO] = aiogram.event - (dispatcher.py).feed_update(171) - Update id=90532421 is handled. Duration 130 ms by bot id=6487033991
2023-11-04 10:07:54,860 - [INFO] = aiogram.event - (dispatcher.py).feed_update(171) - Update id=90532422 is handled. Duration 103 ms by bot id=6487033991
2023-11-04 10:07:55,751 - [INFO] = aiogram.event - (dispatcher.py).feed_update(171) - Update id=90532423 is handled. Duration 90 ms by bot id=6487033991
2023-11-04 10:07:57,938 - [INFO] = aiogram.event - (dispatcher.py).feed_update(171) - Update id=90532424 is handled. Duration 103 ms by bot id=6487033991
2023-11-04 10:08:05,711 - [INFO] = aiogram.event - (dispatcher.py).feed_update(171) - Update id=90532425 is handled. Duration 85 ms by bot id=6487033991
2023-11-04 10:08:08,074 - [INFO] = aiogram.event - (dispatcher.py).feed_update(171) - Update id=90532426 is handled. Duration 78 ms by bot id=6487033991
2023-11-04 10:08:13,610 - [INFO] = aiogram.event - (dispatcher.py).feed_update(171) - Update id=90532427 is handled. Duration 78 ms by bot id=6487033991
2023-11-04 10:08:14,697 - [INFO] = aiogram.event - (dispatcher.py).feed_update(171) - Update id=90532428 is handled. Duration 108 ms by bot id=6487033991
2023-11-04 10:08:17,715 - [INFO] = aiogram.event - (dispatcher.py).feed_update(171) - Update id=90532429 is handled. Duration 110 ms by bot id=6487033991
2023-11-04 10:08:20,043 - [INFO] = aiogram.event - (dispatcher.py).feed_update(171) - Update id=90532430 is handled. Duration 169 ms by bot id=6487033991
2023-11-04 10:08:20,971 - [INFO] = aiogram.event - (dispatcher.py).feed_update(171) - Update id=90532431 is handled. Duration 201 ms by bot id=6487033991
2023-11-04 10:08:22,599 - [INFO] = aiogram.event - (dispatcher.py).feed_update(171) - Update id=90532432 is handled. Duration 81 ms by bot id=6487033991
2023-11-04 10:08:24,663 - [INFO] = aiogram.event - (dispatcher.py).feed_update(171) - Update id=90532433 is handled. Duration 91 ms by bot id=6487033991
2023-11-04 10:08:25,575 - [INFO] = aiogram.event - (dispatcher.py).feed_update(171) - Update id=90532434 is handled. Duration 88 ms by bot id=6487033991
2023-11-04 10:08:27,177 - [INFO] = aiogram.event - (dispatcher.py).feed_update(171) - Update id=90532435 is handled. Duration 160 ms by bot id=6487033991
2023-11-04 10:08:29,265 - [INFO] = aiogram.event - (dispatcher.py).feed_update(171) - Update id=90532436 is handled. Duration 129 ms by bot id=6487033991
2023-11-04 10:08:30,198 - [INFO] = aiogram.event - (dispatcher.py).feed_update(171) - Update id=90532437 is handled. Duration 205 ms by bot id=6487033991
2023-11-04 10:08:31,596 - [INFO] = aiogram.event - (dispatcher.py).feed_update(171) - Update id=90532438 is handled. Duration 146 ms by bot id=6487033991
2023-11-04 10:08:33,143 - [INFO] = aiogram.event - (dispatcher.py).feed_update(171) - Update id=90532439 is handled. Duration 108 ms by bot id=6487033991
2023-11-04 10:08:35,210 - [INFO] = aiogram.event - (dispatcher.py).feed_update(171) - Update id=90532440 is handled. Duration 118 ms by bot id=6487033991
2023-11-04 10:08:36,677 - [INFO] = aiogram.event - (dispatcher.py).feed_update(171) - Update id=90532441 is handled. Duration 108 ms by bot id=6487033991
2023-11-04 10:08:38,287 - [INFO] = aiogram.event - (dispatcher.py).feed_update(171) - Update id=90532442 is handled. Duration 73 ms by bot id=6487033991
2023-11-04 10:08:38,915 - [INFO] = aiogram.event - (dispatcher.py).feed_update(171) - Update id=90532443 is handled. Duration 82 ms by bot id=6487033991
2023-11-04 10:08:40,303 - [INFO] = aiogram.event - (dispatcher.py).feed_update(171) - Update id=90532444 is handled. Duration 112 ms by bot id=6487033991
2023-11-04 10:08:41,421 - [INFO] = aiogram.event - (dispatcher.py).feed_update(171) - Update id=90532445 is handled. Duration 75 ms by bot id=6487033991
2023-11-04 10:08:42,219 - [INFO] = aiogram.event - (dispatcher.py).feed_update(171) - Update id=90532446 is handled. Duration 120 ms by bot id=6487033991
2023-11-04 10:08:43,776 - [INFO] = aiogram.event - (dispatcher.py).feed_update(171) - Update id=90532447 is handled. Duration 102 ms by bot id=6487033991
2023-11-04 10:08:45,299 - [INFO] = aiogram.event - (dispatcher.py).feed_update(171) - Update id=90532448 is handled. Duration 121 ms by bot id=6487033991
2023-11-04 10:08:46,011 - [INFO] = aiogram.event - (dispatcher.py).feed_update(171) - Update id=90532449 is handled. Duration 89 ms by bot id=6487033991
2023-11-04 10:08:47,174 - [INFO] = aiogram.event - (dispatcher.py).feed_update(171) - Update id=90532450 is handled. Duration 129 ms by bot id=6487033991
2023-11-04 10:08:48,629 - [INFO] = aiogram.event - (dispatcher.py).feed_update(171) - Update id=90532451 is handled. Duration 169 ms by bot id=6487033991
2023-11-04 10:08:49,214 - [INFO] = aiogram.event - (dispatcher.py).feed_update(171) - Update id=90532452 is handled. Duration 97 ms by bot id=6487033991
2023-11-04 10:08:50,789 - [INFO] = aiogram.event - (dispatcher.py).feed_update(171) - Update id=90532453 is handled. Duration 79 ms by bot id=6487033991
2023-11-04 10:08:52,632 - [INFO] = aiogram.event - (dispatcher.py).feed_update(171) - Update id=90532454 is handled. Duration 75 ms by bot id=6487033991
2023-11-04 10:08:53,301 - [INFO] = aiogram.event - (dispatcher.py).feed_update(171) - Update id=90532455 is handled. Duration 112 ms by bot id=6487033991
2023-11-04 10:08:54,432 - [INFO] = aiogram.event - (dispatcher.py).feed_update(171) - Update id=90532456 is handled. Duration 112 ms by bot id=6487033991
2023-11-04 10:08:56,002 - [INFO] = aiogram.event - (dispatcher.py).feed_update(171) - Update id=90532457 is handled. Duration 90 ms by bot id=6487033991
2023-11-04 10:08:56,707 - [INFO] = aiogram.event - (dispatcher.py).feed_update(171) - Update id=90532458 is handled. Duration 97 ms by bot id=6487033991
2023-11-04 10:08:59,465 - [INFO] = aiogram.event - (dispatcher.py).feed_update(171) - Update id=90532459 is handled. Duration 98 ms by bot id=6487033991
2023-11-04 10:09:01,062 - [INFO] = aiogram.event - (dispatcher.py).feed_update(171) - Update id=90532460 is handled. Duration 84 ms by bot id=6487033991
2023-11-04 10:09:01,979 - [INFO] = aiogram.event - (dispatcher.py).feed_update(171) - Update id=90532461 is handled. Duration 85 ms by bot id=6487033991
2023-11-04 10:09:03,446 - [INFO] = aiogram.event - (dispatcher.py).feed_update(171) - Update id=90532462 is handled. Duration 87 ms by bot id=6487033991
2023-11-04 10:09:06,451 - [INFO] = aiogram.event - (dispatcher.py).feed_update(171) - Update id=90532463 is handled. Duration 126 ms by bot id=6487033991
2023-11-04 10:09:07,435 - [INFO] = aiogram.event - (dispatcher.py).feed_update(171) - Update id=90532464 is handled. Duration 161 ms by bot id=6487033991
2023-11-04 10:09:08,689 - [INFO] = aiogram.event - (dispatcher.py).feed_update(171) - Update id=90532465 is handled. Duration 171 ms by bot id=6487033991
2023-11-04 10:09:11,776 - [INFO] = aiogram.event - (dispatcher.py).feed_update(171) - Update id=90532466 is handled. Duration 138 ms by bot id=6487033991
2023-11-04 10:09:12,734 - [INFO] = aiogram.event - (dispatcher.py).feed_update(171) - Update id=90532467 is handled. Duration 114 ms by bot id=6487033991
2023-11-04 10:09:14,266 - [INFO] = aiogram.event - (dispatcher.py).feed_update(171) - Update id=90532468 is handled. Duration 102 ms by bot id=6487033991
2023-11-04 10:09:16,518 - [INFO] = aiogram.event - (dispatcher.py).feed_update(171) - Update id=90532469 is handled. Duration 78 ms by bot id=6487033991
2023-11-04 10:09:18,236 - [INFO] = aiogram.event - (dispatcher.py).feed_update(171) - Update id=90532470 is handled. Duration 87 ms by bot id=6487033991
2023-11-04 10:09:21,499 - [INFO] = aiogram.event - (dispatcher.py).feed_update(171) - Update id=90532471 is handled. Duration 75 ms by bot id=6487033991
2023-11-04 10:09:28,465 - [INFO] = aiogram.event - (dispatcher.py).feed_update(171) - Update id=90532472 is handled. Duration 98 ms by bot id=6487033991
2023-11-04 10:09:29,318 - [INFO] = aiogram.event - (dispatcher.py).feed_update(171) - Update id=90532473 is handled. Duration 86 ms by bot id=6487033991
2023-11-04 10:09:31,517 - [INFO] = aiogram.event - (dispatcher.py).feed_update(171) - Update id=90532474 is handled. Duration 132 ms by bot id=6487033991
2023-11-04 10:09:35,006 - [INFO] = aiogram.event - (dispatcher.py).feed_update(171) - Update id=90532475 is handled. Duration 95 ms by bot id=6487033991
2023-11-04 10:09:36,117 - [INFO] = aiogram.event - (dispatcher.py).feed_update(171) - Update id=90532476 is handled. Duration 85 ms by bot id=6487033991
2023-11-04 10:09:37,438 - [INFO] = aiogram.event - (dispatcher.py).feed_update(171) - Update id=90532477 is handled. Duration 84 ms by bot id=6487033991
2023-11-04 10:09:39,095 - [INFO] = aiogram.event - (dispatcher.py).feed_update(171) - Update id=90532478 is handled. Duration 81 ms by bot id=6487033991
2023-11-04 10:09:39,984 - [INFO] = aiogram.event - (dispatcher.py).feed_update(171) - Update id=90532479 is handled. Duration 108 ms by bot id=6487033991
2023-11-04 10:09:41,325 - [INFO] = aiogram.event - (dispatcher.py).feed_update(171) - Update id=90532480 is handled. Duration 113 ms by bot id=6487033991
2023-11-04 10:09:43,476 - [INFO] = aiogram.event - (dispatcher.py).feed_update(171) - Update id=90532481 is handled. Duration 173 ms by bot id=6487033991
2023-11-04 10:09:44,439 - [INFO] = aiogram.event - (dispatcher.py).feed_update(171) - Update id=90532482 is handled. Duration 139 ms by bot id=6487033991
2023-11-04 10:09:47,285 - [WARNING] = aiogram.dispatcher - (dispatcher.py)._signal_stop_polling(452) - Received SIGINT signal
2023-11-04 10:09:47,286 - [INFO] = aiogram.dispatcher - (dispatcher.py)._polling(356) - Polling stopped for bot @ivanfitnesbot id=6487033991 - 'TestFitnesBot'
2023-11-04 10:09:47,286 - [INFO] = aiogram.dispatcher - (dispatcher.py).start_polling(551) - Polling stopped
2023-11-04 10:16:50,954 - [INFO] = apscheduler.scheduler - (base.py).add_job(454) - Adding job tentatively -- it will be properly scheduled when the scheduler starts
2023-11-04 10:16:50,954 - [INFO] = apscheduler.scheduler - (base.py)._real_add_job(895) - Added job "send_training_links" to job store "default"
2023-11-04 10:16:50,954 - [INFO] = apscheduler.scheduler - (base.py).start(181) - Scheduler started
2023-11-04 10:16:51,202 - [INFO] = aiogram.dispatcher - (dispatcher.py).start_polling(524) - Start polling
2023-11-04 10:16:51,246 - [INFO] = aiogram.dispatcher - (dispatcher.py)._polling(340) - Run polling for bot @ivanfitnesbot id=6487033991 - 'TestFitnesBot'
2023-11-04 10:17:41,050 - [INFO] = root - (handler.py).get_start(41) - Connected to the database
2023-11-04 10:17:42,291 - [INFO] = aiogram.event - (dispatcher.py).feed_update(171) - Update id=90532483 is handled. Duration 1254 ms by bot id=6487033991
2023-11-04 10:17:44,425 - [INFO] = aiogram.event - (dispatcher.py).feed_update(171) - Update id=90532484 is handled. Duration 359 ms by bot id=6487033991
2023-11-04 10:17:45,947 - [INFO] = aiogram.event - (dispatcher.py).feed_update(171) - Update id=90532485 is handled. Duration 110 ms by bot id=6487033991
2023-11-04 10:18:13,173 - [INFO] = aiogram.event - (dispatcher.py).feed_update(171) - Update id=90532486 is handled. Duration 173 ms by bot id=6487033991
2023-11-04 10:18:27,630 - [INFO] = root - (manual_send_treining.py).send_training_link_first_time(128) - Sending training link to user 11
2023-11-04 10:18:27,705 - [INFO] = root - (manual_send_treining.py).send_training_link_first_time(137) - Training link sent and user_trainings table updated for user 11
2023-11-04 10:18:35,919 - [INFO] = aiogram.event - (dispatcher.py).feed_update(171) - Update id=90532487 is handled. Duration 20642 ms by bot id=6487033991
2023-11-04 10:18:51,800 - [INFO] = aiogram.event - (dispatcher.py).feed_update(171) - Update id=90532488 is handled. Duration 215 ms by bot id=6487033991
2023-11-04 10:18:53,178 - [INFO] = aiogram.event - (dispatcher.py).feed_update(171) - Update id=90532489 is handled. Duration 96 ms by bot id=6487033991
2023-11-04 10:18:54,305 - [INFO] = aiogram.event - (dispatcher.py).feed_update(171) - Update id=90532490 is handled. Duration 191 ms by bot id=6487033991
2023-11-04 10:19:47,459 - [WARNING] = aiogram.dispatcher - (dispatcher.py)._signal_stop_polling(452) - Received SIGINT signal
2023-11-04 10:19:47,459 - [INFO] = aiogram.dispatcher - (dispatcher.py)._polling(356) - Polling stopped for bot @ivanfitnesbot id=6487033991 - 'TestFitnesBot'
2023-11-04 10:19:47,460 - [INFO] = aiogram.dispatcher - (dispatcher.py).start_polling(551) - Polling stopped
2023-11-04 10:23:06,166 - [INFO] = apscheduler.scheduler - (base.py).add_job(454) - Adding job tentatively -- it will be properly scheduled when the scheduler starts
2023-11-04 10:23:06,167 - [INFO] = apscheduler.scheduler - (base.py)._real_add_job(895) - Added job "send_training_links" to job store "default"
2023-11-04 10:23:06,167 - [INFO] = apscheduler.scheduler - (base.py).start(181) - Scheduler started
2023-11-04 10:23:06,402 - [INFO] = aiogram.dispatcher - (dispatcher.py).start_polling(524) - Start polling
2023-11-04 10:23:06,453 - [INFO] = aiogram.dispatcher - (dispatcher.py)._polling(340) - Run polling for bot @ivanfitnesbot id=6487033991 - 'TestFitnesBot'
2023-11-04 10:23:14,226 - [INFO] = aiogram.event - (dispatcher.py).feed_update(171) - Update id=90532491 is handled. Duration 299 ms by bot id=6487033991
2023-11-04 10:25:10,233 - [WARNING] = aiogram.dispatcher - (dispatcher.py)._signal_stop_polling(452) - Received SIGINT signal
2023-11-04 10:25:10,234 - [INFO] = aiogram.dispatcher - (dispatcher.py)._polling(356) - Polling stopped for bot @ivanfitnesbot id=6487033991 - 'TestFitnesBot'
2023-11-04 10:25:10,234 - [INFO] = aiogram.dispatcher - (dispatcher.py).start_polling(551) - Polling stopped
2023-11-04 10:58:25,345 - [INFO] = apscheduler.scheduler - (base.py).add_job(454) - Adding job tentatively -- it will be properly scheduled when the scheduler starts
2023-11-04 10:58:25,346 - [INFO] = apscheduler.scheduler - (base.py)._real_add_job(895) - Added job "send_training_links" to job store "default"
2023-11-04 10:58:25,346 - [INFO] = apscheduler.scheduler - (base.py).start(181) - Scheduler started
2023-11-04 10:58:25,585 - [INFO] = aiogram.dispatcher - (dispatcher.py).start_polling(524) - Start polling
2023-11-04 10:58:25,629 - [INFO] = aiogram.dispatcher - (dispatcher.py)._polling(340) - Run polling for bot @ivanfitnesbot id=6487033991 - 'TestFitnesBot'
2023-11-04 10:59:40,689 - [WARNING] = aiogram.dispatcher - (dispatcher.py)._signal_stop_polling(452) - Received SIGINT signal
2023-11-04 10:59:40,690 - [INFO] = aiogram.dispatcher - (dispatcher.py)._polling(356) - Polling stopped for bot @ivanfitnesbot id=6487033991 - 'TestFitnesBot'
2023-11-04 10:59:40,690 - [INFO] = aiogram.dispatcher - (dispatcher.py).start_polling(551) - Polling stopped
2023-11-04 11:06:11,184 - [INFO] = apscheduler.scheduler - (base.py).add_job(454) - Adding job tentatively -- it will be properly scheduled when the scheduler starts
2023-11-04 11:06:11,185 - [INFO] = apscheduler.scheduler - (base.py)._real_add_job(895) - Added job "send_training_links" to job store "default"
2023-11-04 11:06:11,185 - [INFO] = apscheduler.scheduler - (base.py).start(181) - Scheduler started
2023-11-04 11:06:11,378 - [INFO] = aiogram.dispatcher - (dispatcher.py).start_polling(524) - Start polling
2023-11-04 11:06:11,420 - [INFO] = aiogram.dispatcher - (dispatcher.py)._polling(340) - Run polling for bot @ivanfitnesbot id=6487033991 - 'TestFitnesBot'
2023-11-04 11:06:22,829 - [WARNING] = aiogram.dispatcher - (dispatcher.py)._signal_stop_polling(452) - Received SIGINT signal
2023-11-04 11:06:22,829 - [INFO] = aiogram.dispatcher - (dispatcher.py)._polling(356) - Polling stopped for bot @ivanfitnesbot id=6487033991 - 'TestFitnesBot'
2023-11-04 11:06:22,829 - [INFO] = aiogram.dispatcher - (dispatcher.py).start_polling(551) - Polling stopped
2023-11-04 11:06:45,731 - [INFO] = apscheduler.scheduler - (base.py).add_job(454) - Adding job tentatively -- it will be properly scheduled when the scheduler starts
2023-11-04 11:06:45,732 - [INFO] = apscheduler.scheduler - (base.py)._real_add_job(895) - Added job "send_training_links" to job store "default"
2023-11-04 11:06:45,732 - [INFO] = apscheduler.scheduler - (base.py).start(181) - Scheduler started
2023-11-04 11:06:45,957 - [INFO] = aiogram.dispatcher - (dispatcher.py).start_polling(524) - Start polling
2023-11-04 11:06:46,013 - [INFO] = aiogram.dispatcher - (dispatcher.py)._polling(340) - Run polling for bot @ivanfitnesbot id=6487033991 - 'TestFitnesBot'
2023-11-04 11:06:53,450 - [WARNING] = aiogram.dispatcher - (dispatcher.py)._signal_stop_polling(452) - Received SIGINT signal
2023-11-04 11:06:53,450 - [INFO] = aiogram.dispatcher - (dispatcher.py)._polling(356) - Polling stopped for bot @ivanfitnesbot id=6487033991 - 'TestFitnesBot'
2023-11-04 11:06:53,450 - [INFO] = aiogram.dispatcher - (dispatcher.py).start_polling(551) - Polling stopped
2023-11-04 11:08:27,358 - [INFO] = apscheduler.scheduler - (base.py).add_job(454) - Adding job tentatively -- it will be properly scheduled when the scheduler starts
2023-11-04 11:08:27,359 - [INFO] = apscheduler.scheduler - (base.py)._real_add_job(895) - Added job "send_training_links" to job store "default"
2023-11-04 11:08:27,359 - [INFO] = apscheduler.scheduler - (base.py).start(181) - Scheduler started
2023-11-04 11:08:27,624 - [INFO] = aiogram.dispatcher - (dispatcher.py).start_polling(524) - Start polling
2023-11-04 11:08:27,671 - [INFO] = aiogram.dispatcher - (dispatcher.py)._polling(340) - Run polling for bot @ivanfitnesbot id=6487033991 - 'TestFitnesBot'
2023-11-04 11:08:42,331 - [INFO] = aiogram.event - (dispatcher.py).feed_update(171) - Update id=90532492 is handled. Duration 201 ms by bot id=6487033991
2023-11-04 11:08:46,981 - [INFO] = aiogram.event - (dispatcher.py).feed_update(171) - Update id=90532493 is handled. Duration 101 ms by bot id=6487033991
2023-11-04 11:09:03,718 - [WARNING] = aiogram.dispatcher - (dispatcher.py)._signal_stop_polling(452) - Received SIGINT signal
2023-11-04 11:09:03,718 - [INFO] = aiogram.dispatcher - (dispatcher.py)._polling(356) - Polling stopped for bot @ivanfitnesbot id=6487033991 - 'TestFitnesBot'
2023-11-04 11:09:03,718 - [INFO] = aiogram.dispatcher - (dispatcher.py).start_polling(551) - Polling stopped
2023-11-04 12:02:09,732 - [INFO] = apscheduler.scheduler - (base.py).add_job(454) - Adding job tentatively -- it will be properly scheduled when the scheduler starts
2023-11-04 12:02:26,115 - [INFO] = apscheduler.scheduler - (base.py).add_job(454) - Adding job tentatively -- it will be properly scheduled when the scheduler starts
2023-11-04 12:02:26,116 - [INFO] = apscheduler.scheduler - (base.py).add_job(454) - Adding job tentatively -- it will be properly scheduled when the scheduler starts
2023-11-04 12:02:26,116 - [INFO] = apscheduler.scheduler - (base.py)._real_add_job(895) - Added job "send_training_links" to job store "default"
2023-11-04 12:02:26,116 - [INFO] = apscheduler.scheduler - (base.py)._real_add_job(895) - Added job "manage_subscriptions" to job store "default"
2023-11-04 12:02:26,116 - [INFO] = apscheduler.scheduler - (base.py).start(181) - Scheduler started
2023-11-04 12:02:26,397 - [INFO] = aiogram.dispatcher - (dispatcher.py).start_polling(524) - Start polling
2023-11-04 12:02:26,443 - [INFO] = aiogram.dispatcher - (dispatcher.py)._polling(340) - Run polling for bot @ivanfitnesbot id=6487033991 - 'TestFitnesBot'
2023-11-04 12:03:00,002 - [INFO] = apscheduler.executors.default - (base_py3.py).run_coroutine_job(28) - Running job "manage_subscriptions (trigger: cron[day_of_week='mon,tue,wed,thu,fri,sat,sun', hour='12', minute='3'], next run at: 2023-11-05 12:03:00 CET)" (scheduled at 2023-11-04 12:03:00+01:00)
2023-11-04 12:03:00,014 - [ERROR] = root - (subscription_manager.py).manage_subscriptions(32) - Error in manage_subscriptions: :   "days_left"  
LINE 1: SELECT telegram_user_id, days_left FROM users WHERE is_subsc...
                                 ^

2023-11-04 12:03:00,014 - [INFO] = apscheduler.executors.default - (base_py3.py).run_coroutine_job(41) - Job "manage_subscriptions (trigger: cron[day_of_week='mon,tue,wed,thu,fri,sat,sun', hour='12', minute='3'], next run at: 2023-11-05 12:03:00 CET)" executed successfully
2023-11-04 12:03:05,473 - [WARNING] = aiogram.dispatcher - (dispatcher.py)._signal_stop_polling(452) - Received SIGINT signal
2023-11-04 12:03:05,473 - [INFO] = aiogram.dispatcher - (dispatcher.py)._polling(356) - Polling stopped for bot @ivanfitnesbot id=6487033991 - 'TestFitnesBot'
2023-11-04 12:03:05,474 - [INFO] = aiogram.dispatcher - (dispatcher.py).start_polling(551) - Polling stopped
2023-11-04 12:06:02,438 - [INFO] = apscheduler.scheduler - (base.py).add_job(454) - Adding job tentatively -- it will be properly scheduled when the scheduler starts
2023-11-04 12:06:02,439 - [INFO] = apscheduler.scheduler - (base.py).add_job(454) - Adding job tentatively -- it will be properly scheduled when the scheduler starts
2023-11-04 12:06:02,439 - [INFO] = apscheduler.scheduler - (base.py)._real_add_job(895) - Added job "send_training_links" to job store "default"
2023-11-04 12:06:02,439 - [INFO] = apscheduler.scheduler - (base.py)._real_add_job(895) - Added job "manage_subscriptions" to job store "default"
2023-11-04 12:06:02,439 - [INFO] = apscheduler.scheduler - (base.py).start(181) - Scheduler started
2023-11-04 12:06:02,683 - [INFO] = aiogram.dispatcher - (dispatcher.py).start_polling(524) - Start polling
2023-11-04 12:06:02,729 - [INFO] = aiogram.dispatcher - (dispatcher.py)._polling(340) - Run polling for bot @ivanfitnesbot id=6487033991 - 'TestFitnesBot'
2023-11-04 12:07:00,003 - [INFO] = apscheduler.executors.default - (base_py3.py).run_coroutine_job(28) - Running job "manage_subscriptions (trigger: cron[day_of_week='mon,tue,wed,thu,fri,sat,sun', hour='12', minute='7'], next run at: 2023-11-05 12:07:00 CET)" (scheduled at 2023-11-04 12:07:00+01:00)
2023-11-04 12:07:00,018 - [INFO] = apscheduler.executors.default - (base_py3.py).run_coroutine_job(41) - Job "manage_subscriptions (trigger: cron[day_of_week='mon,tue,wed,thu,fri,sat,sun', hour='12', minute='7'], next run at: 2023-11-05 12:07:00 CET)" executed successfully
2023-11-04 12:08:26,021 - [WARNING] = aiogram.dispatcher - (dispatcher.py)._signal_stop_polling(452) - Received SIGINT signal
2023-11-04 12:08:26,021 - [INFO] = aiogram.dispatcher - (dispatcher.py)._polling(356) - Polling stopped for bot @ivanfitnesbot id=6487033991 - 'TestFitnesBot'
2023-11-04 12:08:26,021 - [INFO] = aiogram.dispatcher - (dispatcher.py).start_polling(551) - Polling stopped
